# JRE version: OpenJDK Runtime Environment (8.0_212-b04) (build 1.8.0_212-release-1586-b04)
# Java VM: OpenJDK 64-Bit Server VM (25.212-b04 mixed mode windows-amd64 compressed oops)
Heap:
 PSYoungGen      total 479744K, used 147986K [0x00000000e0000000, 0x0000000100000000, 0x0000000100000000)
  eden space 436736K, 33% used [0x00000000e0000000,0x00000000e90849d0,0x00000000faa80000)
  from space 43008K, 0% used [0x00000000faa80000,0x00000000faa80000,0x00000000fd480000)
  to   space 44544K, 0% used [0x00000000fd480000,0x00000000fd480000,0x0000000100000000)
 ParOldGen       total 251904K, used 176784K [0x00000000a0000000, 0x00000000af600000, 0x00000000e0000000)
  object space 251904K, 70% used [0x00000000a0000000,0x00000000aaca43e8,0x00000000af600000)
 Metaspace       used 189608K, capacity 198832K, committed 200176K, reserved 1222656K
  class space    used 24103K, capacity 26004K, committed 26408K, reserved 1048576K
GC Heap History (10 events):
Event: 1872.707 GC heap before
{Heap before GC invocations=59 (full 7):
 PSYoungGen      total 476672K, used 466021K [0x00000000e0000000, 0x0000000100000000, 0x0000000100000000)
  eden space 434688K, 100% used [0x00000000e0000000,0x00000000fa880000,0x00000000fa880000)
  from space 41984K, 74% used [0x00000000fa880000,0x00000000fc7196f8,0x00000000fd180000)
  to   space 43520K, 0% used [0x00000000fd580000,0x00000000fd580000,0x0000000100000000)
 ParOldGen       total 251904K, used 190192K [0x00000000a0000000, 0x00000000af600000, 0x00000000e0000000)
  object space 251904K, 75% used [0x00000000a0000000,0x00000000ab9bc060,0x00000000af600000)
 Metaspace       used 188565K, capacity 197678K, committed 199280K, reserved 1222656K
  class space    used 23984K, capacity 25859K, committed 26280K, reserved 1048576K
Event: 1873.046 GC heap after
Heap after GC invocations=59 (full 7):
 PSYoungGen      total 479744K, used 30553K [0x00000000e0000000, 0x0000000100000000, 0x0000000100000000)
  eden space 436224K, 0% used [0x00000000e0000000,0x00000000e0000000,0x00000000faa00000)
  from space 43520K, 70% used [0x00000000fd580000,0x00000000ff356520,0x0000000100000000)
  to   space 44032K, 0% used [0x00000000faa00000,0x00000000faa00000,0x00000000fd500000)
 ParOldGen       total 251904K, used 190192K [0x00000000a0000000, 0x00000000af600000, 0x00000000e0000000)
  object space 251904K, 75% used [0x00000000a0000000,0x00000000ab9bc060,0x00000000af600000)
 Metaspace       used 188565K, capacity 197678K, committed 199280K, reserved 1222656K
  class space    used 23984K, capacity 25859K, committed 26280K, reserved 1048576K
}
Event: 1874.294 GC heap before
{Heap before GC invocations=60 (full 7):
 PSYoungGen      total 479744K, used 466777K [0x00000000e0000000, 0x0000000100000000, 0x0000000100000000)
  eden space 436224K, 100% used [0x00000000e0000000,0x00000000faa00000,0x00000000faa00000)
  from space 43520K, 70% used [0x00000000fd580000,0x00000000ff356520,0x0000000100000000)
  to   space 44032K, 0% used [0x00000000faa00000,0x00000000faa00000,0x00000000fd500000)
 ParOldGen       total 251904K, used 190192K [0x00000000a0000000, 0x00000000af600000, 0x00000000e0000000)
  object space 251904K, 75% used [0x00000000a0000000,0x00000000ab9bc060,0x00000000af600000)
 Metaspace       used 188700K, capacity 197816K, committed 199280K, reserved 1222656K
  class space    used 24009K, capacity 25880K, committed 26280K, reserved 1048576K
Event: 1874.354 GC heap after
Heap after GC invocations=60 (full 7):
 PSYoungGen      total 462336K, used 26025K [0x00000000e0000000, 0x00000000ffe80000, 0x0000000100000000)
  eden space 436224K, 0% used [0x00000000e0000000,0x00000000e0000000,0x00000000faa00000)
  from space 26112K, 99% used [0x00000000faa00000,0x00000000fc36a600,0x00000000fc380000)
  to   space 43008K, 0% used [0x00000000fd480000,0x00000000fd480000,0x00000000ffe80000)
 ParOldGen       total 251904K, used 197021K [0x00000000a0000000, 0x00000000af600000, 0x00000000e0000000)
  object space 251904K, 78% used [0x00000000a0000000,0x00000000ac067520,0x00000000af600000)
 Metaspace       used 188700K, capacity 197816K, committed 199280K, reserved 1222656K
  class space    used 24009K, capacity 25880K, committed 26280K, reserved 1048576K
}
Event: 1875.702 GC heap before
{Heap before GC invocations=61 (full 7):
 PSYoungGen      total 462336K, used 462249K [0x00000000e0000000, 0x00000000ffe80000, 0x0000000100000000)
  eden space 436224K, 100% used [0x00000000e0000000,0x00000000faa00000,0x00000000faa00000)
  from space 26112K, 99% used [0x00000000faa00000,0x00000000fc36a600,0x00000000fc380000)
  to   space 43008K, 0% used [0x00000000fd480000,0x00000000fd480000,0x00000000ffe80000)
 ParOldGen       total 251904K, used 197021K [0x00000000a0000000, 0x00000000af600000, 0x00000000e0000000)
  object space 251904K, 78% used [0x00000000a0000000,0x00000000ac067520,0x00000000af600000)
 Metaspace       used 188760K, capacity 197910K, committed 199280K, reserved 1222656K
  class space    used 24014K, capacity 25885K, committed 26280K, reserved 1048576K
Event: 1875.745 GC heap after
Heap after GC invocations=61 (full 7):
 PSYoungGen      total 479744K, used 29734K [0x00000000e0000000, 0x0000000100000000, 0x0000000100000000)
  eden space 436736K, 0% used [0x00000000e0000000,0x00000000e0000000,0x00000000faa80000)
  from space 43008K, 69% used [0x00000000fd480000,0x00000000ff189910,0x00000000ffe80000)
  to   space 43008K, 0% used [0x00000000faa80000,0x00000000faa80000,0x00000000fd480000)
 ParOldGen       total 251904K, used 197021K [0x00000000a0000000, 0x00000000af600000, 0x00000000e0000000)
  object space 251904K, 78% used [0x00000000a0000000,0x00000000ac067520,0x00000000af600000)
 Metaspace       used 188760K, capacity 197910K, committed 199280K, reserved 1222656K
  class space    used 24014K, capacity 25885K, committed 26280K, reserved 1048576K
}
Event: 1881.296 GC heap before
{Heap before GC invocations=62 (full 7):
 PSYoungGen      total 479744K, used 466470K [0x00000000e0000000, 0x0000000100000000, 0x0000000100000000)
  eden space 436736K, 100% used [0x00000000e0000000,0x00000000faa80000,0x00000000faa80000)
  from space 43008K, 69% used [0x00000000fd480000,0x00000000ff189910,0x00000000ffe80000)
  to   space 43008K, 0% used [0x00000000faa80000,0x00000000faa80000,0x00000000fd480000)
 ParOldGen       total 251904K, used 197021K [0x00000000a0000000, 0x00000000af600000, 0x00000000e0000000)
  object space 251904K, 78% used [0x00000000a0000000,0x00000000ac067520,0x00000000af600000)
 Metaspace       used 189614K, capacity 198884K, committed 200176K, reserved 1222656K
  class space    used 24113K, capacity 25992K, committed 26408K, reserved 1048576K
Event: 1881.824 GC heap after
Heap after GC invocations=62 (full 7):
 PSYoungGen      total 479744K, used 43003K [0x00000000e0000000, 0x0000000100000000, 0x0000000100000000)
  eden space 436736K, 0% used [0x00000000e0000000,0x00000000e0000000,0x00000000faa80000)
  from space 43008K, 99% used [0x00000000faa80000,0x00000000fd47edd8,0x00000000fd480000)
  to   space 44544K, 0% used [0x00000000fd480000,0x00000000fd480000,0x0000000100000000)
 ParOldGen       total 251904K, used 233835K [0x00000000a0000000, 0x00000000af600000, 0x00000000e0000000)
  object space 251904K, 92% used [0x00000000a0000000,0x00000000ae45af98,0x00000000af600000)
 Metaspace       used 189614K, capacity 198884K, committed 200176K, reserved 1222656K
  class space    used 24113K, capacity 25992K, committed 26408K, reserved 1048576K
}
Event: 1881.829 GC heap before
{Heap before GC invocations=63 (full 8):
 PSYoungGen      total 479744K, used 43003K [0x00000000e0000000, 0x0000000100000000, 0x0000000100000000)
  eden space 436736K, 0% used [0x00000000e0000000,0x00000000e0000000,0x00000000faa80000)
  from space 43008K, 99% used [0x00000000faa80000,0x00000000fd47edd8,0x00000000fd480000)
  to   space 44544K, 0% used [0x00000000fd480000,0x00000000fd480000,0x0000000100000000)
 ParOldGen       total 251904K, used 233835K [0x00000000a0000000, 0x00000000af600000, 0x00000000e0000000)
  object space 251904K, 92% used [0x00000000a0000000,0x00000000ae45af98,0x00000000af600000)
 Metaspace       used 189614K, capacity 198884K, committed 200176K, reserved 1222656K
  class space    used 24113K, capacity 25992K, committed 26408K, reserved 1048576K
Event: 1887.152 GC heap after
Heap after GC invocations=63 (full 8):
 PSYoungGen      total 479744K, used 0K [0x00000000e0000000, 0x0000000100000000, 0x0000000100000000)
  eden space 436736K, 0% used [0x00000000e0000000,0x00000000e0000000,0x00000000faa80000)
  from space 43008K, 0% used [0x00000000faa80000,0x00000000faa80000,0x00000000fd480000)
  to   space 44544K, 0% used [0x00000000fd480000,0x00000000fd480000,0x0000000100000000)
 ParOldGen       total 251904K, used 176784K [0x00000000a0000000, 0x00000000af600000, 0x00000000e0000000)
  object space 251904K, 70% used [0x00000000a0000000,0x00000000aaca43e8,0x00000000af600000)
 Metaspace       used 189584K, capacity 198800K, committed 200176K, reserved 1222656K
  class space    used 24102K, capacity 25972K, committed 26408K, reserved 1048576K
}

